<?xml version="1.0" encoding="UTF-8"?>
<testsuite name="org.gradle.buildsrc.BuildSrcClassTest" tests="1" skipped="0" failures="0" errors="0" timestamp="2016-02-09T05:38:38" hostname="ionserver.ion" time="0.003">
  <properties/>
  <testcase name="canConstructBuildSrcClass" classname="org.gradle.buildsrc.BuildSrcClassTest" time="0.003"/>
  <system-out><![CDATA[]]></system-out>
  <system-err><![CDATA[]]></system-err>
</testsuite>
